  assignment09.cpp
c:\program files (x86)\microsoft visual studio 14.0\vc\include\sal.h(2361): warning C4467: usage of ATL attributes is deprecated
c:\program files (x86)\microsoft visual studio 14.0\vc\include\sal.h(2361): error C2337: 'extern': attribute not found
c:\program files (x86)\microsoft visual studio 14.0\vc\include\sal.h(2361): error C2143: syntax error: missing ']' before 'string'
c:\program files (x86)\microsoft visual studio 14.0\vc\include\sal.h(2361): error C2059: syntax error: 'string'
c:\program files (x86)\microsoft visual studio 14.0\vc\include\sal.h(2361): error C2143: syntax error: missing ';' before '{'
c:\program files (x86)\microsoft visual studio 14.0\vc\include\sal.h(2361): error C2447: '{': missing function header (old-style formal list?)
c:\users\tolmans\desktop\cs 235\bst\bst\bst.h(24): warning C4290: C++ exception specification ignored except to indicate a function is not __declspec(nothrow)
  c:\users\tolmans\desktop\cs 235\bst\bst\bst.h(45): note: see reference to class template instantiation 'custom::BST<T>' being compiled
c:\users\tolmans\desktop\cs 235\bst\bst\bst.h(30): warning C4290: C++ exception specification ignored except to indicate a function is not __declspec(nothrow)
c:\users\tolmans\desktop\cs 235\bst\bst\bst.h(31): warning C4346: 'custom::BST<T>::iterator': dependent name is not a type
  c:\users\tolmans\desktop\cs 235\bst\bst\bst.h(31): note: prefix with 'typename' to indicate a type
c:\users\tolmans\desktop\cs 235\bst\bst\bst.h(31): error C2061: syntax error: identifier 'iterator'
c:\users\tolmans\desktop\cs 235\bst\bst\bst.h(32): warning C4346: 'iterator': dependent name is not a type
  c:\users\tolmans\desktop\cs 235\bst\bst\bst.h(32): note: prefix with 'typename' to indicate a type
c:\users\tolmans\desktop\cs 235\bst\bst\bst.h(32): error C2061: syntax error: identifier 'iterator'
c:\users\tolmans\desktop\cs 235\bst\bst\bst.h(32): error C2334: unexpected token(s) preceding '{'; skipping apparent function body
c:\users\tolmans\desktop\cs 235\bst\bst\bst.h(33): warning C4346: 'iterator': dependent name is not a type
  c:\users\tolmans\desktop\cs 235\bst\bst\bst.h(33): note: prefix with 'typename' to indicate a type
c:\users\tolmans\desktop\cs 235\bst\bst\bst.h(33): error C2061: syntax error: identifier 'iterator'
c:\users\tolmans\desktop\cs 235\bst\bst\bst.h(33): error C2238: unexpected token(s) preceding ';'
c:\users\tolmans\desktop\cs 235\bst\bst\bst.h(34): warning C4346: 'iterator': dependent name is not a type
  c:\users\tolmans\desktop\cs 235\bst\bst\bst.h(34): note: prefix with 'typename' to indicate a type
c:\users\tolmans\desktop\cs 235\bst\bst\bst.h(34): error C2061: syntax error: identifier 'iterator'
c:\users\tolmans\desktop\cs 235\bst\bst\bst.h(34): error C2238: unexpected token(s) preceding ';'
c:\users\tolmans\desktop\cs 235\bst\bst\bst.h(35): warning C4346: 'iterator': dependent name is not a type
  c:\users\tolmans\desktop\cs 235\bst\bst\bst.h(35): note: prefix with 'typename' to indicate a type
c:\users\tolmans\desktop\cs 235\bst\bst\bst.h(35): error C2061: syntax error: identifier 'iterator'
c:\users\tolmans\desktop\cs 235\bst\bst\bst.h(35): error C2334: unexpected token(s) preceding '{'; skipping apparent function body
c:\users\tolmans\desktop\cs 235\bst\bst\bst.h(36): warning C4346: 'iterator': dependent name is not a type
  c:\users\tolmans\desktop\cs 235\bst\bst\bst.h(36): note: prefix with 'typename' to indicate a type
c:\users\tolmans\desktop\cs 235\bst\bst\bst.h(36): error C2061: syntax error: identifier 'iterator'
c:\users\tolmans\desktop\cs 235\bst\bst\bst.h(36): error C2334: unexpected token(s) preceding '{'; skipping apparent function body
c:\users\tolmans\desktop\cs 235\bst\bst\bst.h(42): warning C4346: 'custom::BST<T>::BNode': dependent name is not a type
  c:\users\tolmans\desktop\cs 235\bst\bst\bst.h(42): note: prefix with 'typename' to indicate a type
c:\users\tolmans\desktop\cs 235\bst\bst\bst.h(42): error C2061: syntax error: identifier 'BNode'
c:\users\tolmans\desktop\cs 235\bst\bst\bst.h(43): warning C4346: 'custom::BST<T>::BNode': dependent name is not a type
  c:\users\tolmans\desktop\cs 235\bst\bst\bst.h(43): note: prefix with 'typename' to indicate a type
c:\users\tolmans\desktop\cs 235\bst\bst\bst.h(43): error C2061: syntax error: identifier 'BNode'
c:\users\tolmans\desktop\cs 235\bst\bst\bst.h(44): warning C4346: 'custom::BST<T>::BNode': dependent name is not a type
  c:\users\tolmans\desktop\cs 235\bst\bst\bst.h(44): note: prefix with 'typename' to indicate a type
c:\users\tolmans\desktop\cs 235\bst\bst\bst.h(44): error C2061: syntax error: identifier 'BNode'
c:\users\tolmans\desktop\cs 235\bst\bst\bst.h(52): warning C4346: 'BNode': dependent name is not a type
  c:\users\tolmans\desktop\cs 235\bst\bst\bst.h(52): note: prefix with 'typename' to indicate a type
  c:\users\tolmans\desktop\cs 235\bst\bst\bst.h(62): note: see reference to class template instantiation 'custom::BST<T>::BNode' being compiled
c:\users\tolmans\desktop\cs 235\bst\bst\bst.h(52): error C2061: syntax error: identifier 'BNode'
c:\users\tolmans\desktop\cs 235\bst\bst\bst.h(52): error C2238: unexpected token(s) preceding ';'
c:\users\tolmans\desktop\cs 235\bst\bst\bst.h(53): warning C4346: 'BNode': dependent name is not a type
  c:\users\tolmans\desktop\cs 235\bst\bst\bst.h(53): note: prefix with 'typename' to indicate a type
c:\users\tolmans\desktop\cs 235\bst\bst\bst.h(53): error C2061: syntax error: identifier 'BNode'
c:\users\tolmans\desktop\cs 235\bst\bst\bst.h(53): error C2238: unexpected token(s) preceding ';'
c:\users\tolmans\desktop\cs 235\bst\bst\bst.h(54): warning C4346: 'BNode': dependent name is not a type
  c:\users\tolmans\desktop\cs 235\bst\bst\bst.h(54): note: prefix with 'typename' to indicate a type
c:\users\tolmans\desktop\cs 235\bst\bst\bst.h(54): error C2061: syntax error: identifier 'BNode'
c:\users\tolmans\desktop\cs 235\bst\bst\bst.h(54): error C2238: unexpected token(s) preceding ';'
c:\users\tolmans\desktop\cs 235\bst\bst\bst.h(69): warning C4346: 'custom::BST<T>::BNode': dependent name is not a type
  c:\users\tolmans\desktop\cs 235\bst\bst\bst.h(69): note: prefix with 'typename' to indicate a type
  c:\users\tolmans\desktop\cs 235\bst\bst\bst.h(81): note: see reference to class template instantiation 'custom::BST<T>::iterator' being compiled
c:\users\tolmans\desktop\cs 235\bst\bst\bst.h(69): error C2061: syntax error: identifier 'BNode'
c:\users\tolmans\desktop\cs 235\bst\bst\bst.h(69): error C2535: 'custom::BST<T>::iterator::iterator(void)': member function already defined or declared
  c:\users\tolmans\desktop\cs 235\bst\bst\bst.h(68): note: see declaration of 'custom::BST<T>::iterator::iterator'
c:\users\tolmans\desktop\cs 235\bst\bst\bst.h(70): warning C4346: 'custom::BST<T>::iterator': dependent name is not a type
  c:\users\tolmans\desktop\cs 235\bst\bst\bst.h(70): note: prefix with 'typename' to indicate a type
c:\users\tolmans\desktop\cs 235\bst\bst\bst.h(70): error C2061: syntax error: identifier 'iterator'
c:\users\tolmans\desktop\cs 235\bst\bst\bst.h(70): error C2535: 'custom::BST<T>::iterator::iterator(void)': member function already defined or declared
  c:\users\tolmans\desktop\cs 235\bst\bst\bst.h(68): note: see declaration of 'custom::BST<T>::iterator::iterator'
c:\users\tolmans\desktop\cs 235\bst\bst\bst.h(71): warning C4346: 'iterator': dependent name is not a type
  c:\users\tolmans\desktop\cs 235\bst\bst\bst.h(71): note: prefix with 'typename' to indicate a type
c:\users\tolmans\desktop\cs 235\bst\bst\bst.h(71): error C2061: syntax error: identifier 'iterator'
c:\users\tolmans\desktop\cs 235\bst\bst\bst.h(71): error C2334: unexpected token(s) preceding '{'; skipping apparent function body
c:\users\tolmans\desktop\cs 235\bst\bst\bst.h(72): warning C4346: 'custom::BST<T>::iterator': dependent name is not a type
  c:\users\tolmans\desktop\cs 235\bst\bst\bst.h(72): note: prefix with 'typename' to indicate a type
c:\users\tolmans\desktop\cs 235\bst\bst\bst.h(72): error C2061: syntax error: identifier 'iterator'
c:\users\tolmans\desktop\cs 235\bst\bst\bst.h(72): error C2805: binary 'operator ==' has too few parameters
c:\users\tolmans\desktop\cs 235\bst\bst\bst.h(72): error C2333: 'custom::BST<T>::iterator::operator ==': error in function declaration; skipping function body
c:\users\tolmans\desktop\cs 235\bst\bst\bst.h(73): warning C4346: 'custom::BST<T>::iterator': dependent name is not a type
  c:\users\tolmans\desktop\cs 235\bst\bst\bst.h(73): note: prefix with 'typename' to indicate a type
c:\users\tolmans\desktop\cs 235\bst\bst\bst.h(73): error C2061: syntax error: identifier 'iterator'
c:\users\tolmans\desktop\cs 235\bst\bst\bst.h(73): error C2805: binary 'operator !=' has too few parameters
c:\users\tolmans\desktop\cs 235\bst\bst\bst.h(73): error C2333: 'custom::BST<T>::iterator::operator !=': error in function declaration; skipping function body
c:\users\tolmans\desktop\cs 235\bst\bst\bst.h(74): warning C4346: 'iterator': dependent name is not a type
  c:\users\tolmans\desktop\cs 235\bst\bst\bst.h(74): note: prefix with 'typename' to indicate a type
c:\users\tolmans\desktop\cs 235\bst\bst\bst.h(74): error C2334: unexpected token(s) preceding '{'; skipping apparent function body
c:\users\tolmans\desktop\cs 235\bst\bst\bst.h(75): warning C4346: 'iterator': dependent name is not a type
  c:\users\tolmans\desktop\cs 235\bst\bst\bst.h(75): note: prefix with 'typename' to indicate a type
c:\users\tolmans\desktop\cs 235\bst\bst\bst.h(75): error C2061: syntax error: identifier 'iterator'
c:\users\tolmans\desktop\cs 235\bst\bst\bst.h(75): error C2334: unexpected token(s) preceding '{'; skipping apparent function body
c:\users\tolmans\desktop\cs 235\bst\bst\bst.h(77): warning C4346: 'iterator': dependent name is not a type
  c:\users\tolmans\desktop\cs 235\bst\bst\bst.h(77): note: prefix with 'typename' to indicate a type
c:\users\tolmans\desktop\cs 235\bst\bst\bst.h(77): error C2061: syntax error: identifier 'iterator'
c:\users\tolmans\desktop\cs 235\bst\bst\bst.h(77): error C2334: unexpected token(s) preceding '{'; skipping apparent function body
c:\users\tolmans\desktop\cs 235\bst\bst\bst.h(80): warning C4346: 'BNode': dependent name is not a type
  c:\users\tolmans\desktop\cs 235\bst\bst\bst.h(80): note: prefix with 'typename' to indicate a type
c:\users\tolmans\desktop\cs 235\bst\bst\bst.h(80): error C2061: syntax error: identifier 'BNode'
c:\users\tolmans\desktop\cs 235\bst\bst\bst.h(80): error C2238: unexpected token(s) preceding ';'
c:\users\tolmans\desktop\cs 235\bst\bst\bst.h(136): warning C4290: C++ exception specification ignored except to indicate a function is not __declspec(nothrow)
c:\users\tolmans\desktop\cs 235\bst\bst\bst.h(163): warning C4290: C++ exception specification ignored except to indicate a function is not __declspec(nothrow)
c:\users\tolmans\desktop\cs 235\bst\bst\bst.h(348): error C2039: 'begin': is not a member of 'custom::BST<T>'
c:\users\tolmans\desktop\cs 235\bst\bst\bst.h(357): error C2039: 'end': is not a member of 'custom::BST<T>'
c:\users\tolmans\desktop\cs 235\bst\bst\bst.h(32): fatal error C1903: unable to recover from previous error(s); stopping compilation
  INTERNAL COMPILER ERROR in 'C:\Program Files (x86)\Microsoft Visual Studio 14.0\VC\bin\CL.exe'
      Please choose the Technical Support command on the Visual C++
      Help menu, or open the Technical Support help file for more information
